2023-06-29 10:04:08,304 - tensorflow - WARNING - Callback method `on_train_batch_end` is slow compared to the batch time (batch time: 0.5111s vs `on_train_batch_end` time: 0.6871s). Check your callbacks.
2023-06-29 10:05:27,273 - root - INFO - Epoch 0; loss: 460.37078857421875; CER: 1.2666809558868408; WER: 1.0; val_loss: 273.8382568359375; val_CER: 0.9754411578178406; val_WER: 1.0
2023-06-29 10:06:46,242 - root - INFO - Epoch 1; loss: 197.23385620117188; CER: 0.9636322855949402; WER: 1.000666618347168; val_loss: 347.84222412109375; val_CER: 0.9754412770271301; val_WER: 1.0
2023-06-29 10:08:08,729 - root - INFO - Epoch 2; loss: 138.38442993164062; CER: 0.9970813989639282; WER: 1.0; val_loss: 138.03488159179688; val_CER: 1.0; val_WER: 1.0
2023-06-29 10:09:29,002 - root - INFO - Epoch 3; loss: 135.83688354492188; CER: 1.0; WER: 1.0; val_loss: 136.54505920410156; val_CER: 1.0; val_WER: 1.0
2023-06-29 10:10:49,417 - root - INFO - Epoch 4; loss: 135.3856658935547; CER: 1.0; WER: 1.0; val_loss: 143.04815673828125; val_CER: 1.0; val_WER: 1.0
2023-06-29 10:12:10,403 - root - INFO - Epoch 5; loss: 135.1614990234375; CER: 1.0; WER: 1.0; val_loss: 148.2469940185547; val_CER: 1.0; val_WER: 1.0
2023-06-29 10:13:31,343 - root - INFO - Epoch 6; loss: 134.9547576904297; CER: 1.0; WER: 1.0; val_loss: 150.44403076171875; val_CER: 1.0; val_WER: 1.0
2023-06-29 10:14:52,495 - root - INFO - Epoch 7; loss: 134.8180389404297; CER: 1.0; WER: 1.0; val_loss: 158.01963806152344; val_CER: 1.0; val_WER: 1.0
2023-06-29 10:16:14,134 - root - INFO - Epoch 8; loss: 134.75868225097656; CER: 1.0; WER: 1.0; val_loss: 161.1986541748047; val_CER: 1.0; val_WER: 1.0
2023-06-29 10:17:35,196 - root - INFO - Epoch 9; loss: 134.6000213623047; CER: 1.0; WER: 1.0; val_loss: 160.8929901123047; val_CER: 1.0; val_WER: 1.0
2023-06-29 10:18:56,149 - root - INFO - Epoch 10; loss: 134.5995330810547; CER: 1.0; WER: 1.0; val_loss: 171.75067138671875; val_CER: 1.0; val_WER: 1.0
2023-06-29 10:20:17,356 - root - INFO - Epoch 11; loss: 134.50257873535156; CER: 1.0; WER: 1.0; val_loss: 170.2333526611328; val_CER: 1.0; val_WER: 1.0
2023-06-29 10:21:38,362 - root - INFO - Epoch 12; loss: 134.3848876953125; CER: 1.0; WER: 1.0; val_loss: 167.60693359375; val_CER: 1.0; val_WER: 1.0
2023-06-29 10:22:59,296 - root - INFO - Epoch 13; loss: 134.35984802246094; CER: 1.0; WER: 1.0; val_loss: 172.0712127685547; val_CER: 1.0; val_WER: 1.0
2023-06-29 10:24:20,351 - root - INFO - Epoch 14; loss: 134.34701538085938; CER: 1.0; WER: 1.0; val_loss: 171.91891479492188; val_CER: 1.0; val_WER: 1.0
2023-06-29 10:25:41,434 - root - INFO - Epoch 15; loss: 134.2013397216797; CER: 1.0; WER: 1.0; val_loss: 176.14088439941406; val_CER: 1.0; val_WER: 1.0
2023-06-29 10:27:02,443 - root - INFO - Epoch 16; loss: 134.25086975097656; CER: 1.0; WER: 1.0; val_loss: 169.22573852539062; val_CER: 1.0; val_WER: 1.0
2023-06-29 10:28:23,460 - root - INFO - Epoch 17; loss: 134.154052734375; CER: 0.9999794960021973; WER: 1.0; val_loss: 171.03591918945312; val_CER: 1.0; val_WER: 1.0
2023-06-29 10:29:44,412 - root - INFO - Epoch 18; loss: 134.14462280273438; CER: 0.9999901056289673; WER: 1.0; val_loss: 173.1344757080078; val_CER: 1.0; val_WER: 1.0
2023-06-29 10:31:05,705 - root - INFO - Epoch 19; loss: 134.0005645751953; CER: 0.9999626874923706; WER: 1.0; val_loss: 182.51370239257812; val_CER: 1.0; val_WER: 1.0
2023-06-29 10:32:26,818 - root - INFO - Epoch 20; loss: 133.98216247558594; CER: 0.9999768733978271; WER: 1.0; val_loss: 179.8579559326172; val_CER: 1.0; val_WER: 1.0
2023-06-29 10:33:47,926 - root - INFO - Epoch 21; loss: 133.89500427246094; CER: 0.9999112486839294; WER: 1.0; val_loss: 177.18177795410156; val_CER: 1.0; val_WER: 1.0
2023-06-29 10:35:09,396 - root - INFO - Epoch 22; loss: 133.81898498535156; CER: 0.9998809695243835; WER: 1.0; val_loss: 181.01368713378906; val_CER: 1.0; val_WER: 1.0
2023-06-29 10:36:30,598 - root - INFO - Epoch 23; loss: 133.79676818847656; CER: 0.9997355937957764; WER: 0.9998517632484436; val_loss: 170.16058349609375; val_CER: 1.0; val_WER: 1.0
2023-06-29 10:37:52,024 - root - INFO - Epoch 24; loss: 133.659912109375; CER: 0.9992945790290833; WER: 0.9993152022361755; val_loss: 173.00209045410156; val_CER: 1.0; val_WER: 1.0
2023-06-29 10:39:13,148 - root - INFO - Epoch 25; loss: 133.6419219970703; CER: 0.9989466071128845; WER: 0.9994550943374634; val_loss: 172.0187225341797; val_CER: 1.0; val_WER: 1.0
2023-06-29 10:40:34,880 - root - INFO - Epoch 26; loss: 133.65872192382812; CER: 0.9981111288070679; WER: 0.9994519352912903; val_loss: 152.5041046142578; val_CER: 1.0; val_WER: 1.0
2023-06-29 10:41:56,579 - root - INFO - Epoch 27; loss: 133.56553649902344; CER: 0.9978739023208618; WER: 0.9992443323135376; val_loss: 164.3091278076172; val_CER: 1.0; val_WER: 1.0
2023-06-29 10:43:18,511 - root - INFO - Epoch 28; loss: 133.51025390625; CER: 0.9963238835334778; WER: 0.9980396032333374; val_loss: 158.49224853515625; val_CER: 1.0; val_WER: 1.0
2023-06-29 10:44:40,344 - root - INFO - Epoch 29; loss: 133.5050506591797; CER: 0.9950054287910461; WER: 0.9964574575424194; val_loss: 155.12278747558594; val_CER: 0.9995757341384888; val_WER: 1.0
2023-06-29 10:46:01,892 - root - INFO - Epoch 30; loss: 133.42013549804688; CER: 0.9938691258430481; WER: 0.9973358511924744; val_loss: 163.89390563964844; val_CER: 1.0; val_WER: 1.0
2023-06-29 10:47:23,239 - root - INFO - Epoch 31; loss: 133.400146484375; CER: 0.9933366775512695; WER: 0.9952616095542908; val_loss: 168.12265014648438; val_CER: 0.9995023012161255; val_WER: 1.0
2023-06-29 10:48:45,066 - root - INFO - Epoch 32; loss: 133.33998107910156; CER: 0.9911537766456604; WER: 0.9946038126945496; val_loss: 177.8889617919922; val_CER: 0.9955878257751465; val_WER: 0.9801838397979736
2023-06-29 10:50:06,773 - root - INFO - Epoch 33; loss: 133.2256622314453; CER: 0.990031898021698; WER: 0.9940846562385559; val_loss: 164.71205139160156; val_CER: 0.9945213198661804; val_WER: 0.9794746041297913
2023-06-29 10:51:28,558 - root - INFO - Epoch 34; loss: 133.24209594726562; CER: 0.9887899160385132; WER: 0.99398273229599; val_loss: 165.34442138671875; val_CER: 0.996886134147644; val_WER: 0.9877889156341553
2023-06-29 10:52:49,877 - root - INFO - Epoch 35; loss: 133.215087890625; CER: 0.9874932765960693; WER: 0.9921959638595581; val_loss: 138.58103942871094; val_CER: 0.9947608113288879; val_WER: 0.9881285429000854
2023-06-29 10:54:10,988 - root - INFO - Epoch 36; loss: 133.0760955810547; CER: 0.9875770211219788; WER: 0.9945170283317566; val_loss: 169.0446014404297; val_CER: 0.989998996257782; val_WER: 0.961726725101471
2023-06-29 10:55:32,139 - root - INFO - Epoch 37; loss: 132.98583984375; CER: 0.9873730540275574; WER: 0.9925845265388489; val_loss: 172.03941345214844; val_CER: 0.9881781935691833; val_WER: 0.9546759128570557
2023-06-29 10:56:52,946 - root - INFO - Epoch 38; loss: 132.96005249023438; CER: 0.985027551651001; WER: 0.9934747219085693; val_loss: 140.19488525390625; val_CER: 0.981171727180481; val_WER: 0.9766587018966675
2023-06-29 10:58:13,937 - root - INFO - Epoch 39; loss: 132.9397430419922; CER: 0.9846883416175842; WER: 0.9898456931114197; val_loss: 167.2355194091797; val_CER: 0.992807149887085; val_WER: 0.9730046987533569
2023-06-29 10:59:34,946 - root - INFO - Epoch 40; loss: 132.8295440673828; CER: 0.9832096099853516; WER: 0.9908485412597656; val_loss: 160.81288146972656; val_CER: 0.9856112599372864; val_WER: 0.956936240196228
2023-06-29 11:00:55,872 - root - INFO - Epoch 41; loss: 132.7449188232422; CER: 0.9827026724815369; WER: 0.9913803339004517; val_loss: 152.88796997070312; val_CER: 0.977888822555542; val_WER: 0.976152241230011
2023-06-29 11:02:16,884 - root - INFO - Epoch 42; loss: 132.80136108398438; CER: 0.9803183674812317; WER: 0.9929109215736389; val_loss: 149.70262145996094; val_CER: 0.9816286563873291; val_WER: 0.966675877571106
2023-06-29 11:03:37,769 - root - INFO - Epoch 43; loss: 132.63783264160156; CER: 0.9819419384002686; WER: 0.9919683337211609; val_loss: 157.04037475585938; val_CER: 0.983376681804657; val_WER: 0.9631537199020386
2023-06-29 11:04:59,863 - root - INFO - Epoch 44; loss: 132.70030212402344; CER: 0.9822880029678345; WER: 0.9919113516807556; val_loss: 150.63385009765625; val_CER: 0.9866760969161987; val_WER: 0.9755362272262573
2023-06-29 11:06:21,026 - root - INFO - Epoch 45; loss: 132.59841918945312; CER: 0.9808299541473389; WER: 0.9928756356239319; val_loss: 144.23983764648438; val_CER: 0.9809187650680542; val_WER: 0.9701268076896667
2023-06-29 11:07:41,674 - root - INFO - Epoch 46; loss: 132.4625244140625; CER: 0.9803141355514526; WER: 0.9926683902740479; val_loss: 145.83035278320312; val_CER: 0.9778107404708862; val_WER: 0.9732077717781067
2023-06-29 11:09:02,291 - root - INFO - Epoch 47; loss: 132.42962646484375; CER: 0.9795223474502563; WER: 0.9953505992889404; val_loss: 154.83419799804688; val_CER: 0.9779103994369507; val_WER: 0.9693109393119812
2023-06-29 11:10:22,861 - root - INFO - Epoch 48; loss: 132.35353088378906; CER: 0.9795921444892883; WER: 0.9918197989463806; val_loss: 149.8268280029297; val_CER: 0.983328104019165; val_WER: 0.9634538292884827
2023-06-29 11:11:43,749 - root - INFO - Epoch 49; loss: 132.283935546875; CER: 0.9802930951118469; WER: 0.9913293123245239; val_loss: 150.9012908935547; val_CER: 0.9843106269836426; val_WER: 0.9688172340393066
2023-06-29 11:13:04,692 - root - INFO - Epoch 50; loss: 132.22808837890625; CER: 0.9782335162162781; WER: 0.9933337569236755; val_loss: 154.94903564453125; val_CER: 0.9852778911590576; val_WER: 0.9655187726020813
2023-06-29 11:14:26,327 - root - INFO - Epoch 51; loss: 131.98289489746094; CER: 0.9786618947982788; WER: 0.9946037530899048; val_loss: 145.8315887451172; val_CER: 0.9739816188812256; val_WER: 0.9862188100814819
2023-06-29 11:15:47,434 - root - INFO - Epoch 52; loss: 131.96310424804688; CER: 0.9790972471237183; WER: 0.9942997097969055; val_loss: 149.46731567382812; val_CER: 0.974234938621521; val_WER: 0.9818379282951355
2023-06-29 11:17:08,347 - root - INFO - Epoch 53; loss: 131.7744140625; CER: 0.9778998494148254; WER: 0.9933412671089172; val_loss: 162.2045135498047; val_CER: 0.9759592413902283; val_WER: 0.9752903580665588
2023-06-29 11:18:29,377 - root - INFO - Epoch 54; loss: 131.1232147216797; CER: 0.968742311000824; WER: 0.997362494468689; val_loss: 181.8822784423828; val_CER: 0.9813786149024963; val_WER: 0.9570932984352112
2023-06-29 11:19:50,081 - root - INFO - Epoch 55; loss: 125.73857879638672; CER: 0.8629589676856995; WER: 1.0192694664001465; val_loss: 207.4212188720703; val_CER: 0.9845712184906006; val_WER: 0.9527428150177002
2023-06-29 11:21:10,910 - root - INFO - Epoch 56; loss: 119.08843994140625; CER: 0.8353155255317688; WER: 1.023571252822876; val_loss: 225.0406036376953; val_CER: 0.9812083840370178; val_WER: 0.953322172164917
2023-06-29 11:22:32,031 - root - INFO - Epoch 57; loss: 114.62431335449219; CER: 0.813694417476654; WER: 1.0208759307861328; val_loss: 196.15330505371094; val_CER: 0.9550646543502808; val_WER: 0.955550491809845
2023-06-29 11:23:53,734 - root - INFO - Epoch 58; loss: 110.4939956665039; CER: 0.7915664315223694; WER: 1.0219056606292725; val_loss: 198.10060119628906; val_CER: 0.9471392631530762; val_WER: 0.958891749382019
2023-06-29 11:25:15,549 - root - INFO - Epoch 59; loss: 106.42347717285156; CER: 0.7686310410499573; WER: 1.0184253454208374; val_loss: 172.5288848876953; val_CER: 0.9295905828475952; val_WER: 0.9662315845489502
2023-06-29 11:26:36,633 - root - INFO - Epoch 60; loss: 103.13800048828125; CER: 0.7466450333595276; WER: 1.0116503238677979; val_loss: 170.69496154785156; val_CER: 0.9358625411987305; val_WER: 0.9585710167884827
2023-06-29 11:27:57,999 - root - INFO - Epoch 61; loss: 99.88245391845703; CER: 0.7219532132148743; WER: 0.9964648485183716; val_loss: 155.49322509765625; val_CER: 0.9078468084335327; val_WER: 0.9601424932479858
2023-06-29 11:29:19,020 - root - INFO - Epoch 62; loss: 97.23802947998047; CER: 0.6979836821556091; WER: 0.9844067096710205; val_loss: 111.97187042236328; val_CER: 0.807004988193512; val_WER: 0.9910698533058167
2023-06-29 11:30:40,199 - root - INFO - Epoch 63; loss: 94.42935943603516; CER: 0.6717295050621033; WER: 0.967735767364502; val_loss: 102.89833068847656; val_CER: 0.7682979702949524; val_WER: 0.9877492189407349
2023-06-29 11:32:01,571 - root - INFO - Epoch 64; loss: 91.11441802978516; CER: 0.6411752104759216; WER: 0.9456354379653931; val_loss: 100.95175170898438; val_CER: 0.7446797490119934; val_WER: 0.9698520302772522
2023-06-29 11:33:22,892 - root - INFO - Epoch 65; loss: 87.83506774902344; CER: 0.609436571598053; WER: 0.9344903230667114; val_loss: 108.50257873535156; val_CER: 0.7822757363319397; val_WER: 0.9655171036720276
2023-06-29 11:34:44,543 - root - INFO - Epoch 66; loss: 83.88868713378906; CER: 0.5719398260116577; WER: 0.9132355451583862; val_loss: 94.69694519042969; val_CER: 0.6748406887054443; val_WER: 0.945296049118042
2023-06-29 11:36:06,141 - root - INFO - Epoch 67; loss: 80.48590087890625; CER: 0.5426285862922668; WER: 0.897129476070404; val_loss: 91.61296844482422; val_CER: 0.6605891585350037; val_WER: 0.9270010590553284
2023-06-29 11:37:28,870 - root - INFO - Epoch 68; loss: 76.7413101196289; CER: 0.5121466517448425; WER: 0.8763930201530457; val_loss: 76.25326538085938; val_CER: 0.5302647352218628; val_WER: 0.8672387599945068
2023-06-29 11:38:50,599 - root - INFO - Epoch 69; loss: 73.49624633789062; CER: 0.4907952547073364; WER: 0.8641485571861267; val_loss: 71.91848754882812; val_CER: 0.49161797761917114; val_WER: 0.8400182127952576
2023-06-29 11:40:12,504 - root - INFO - Epoch 70; loss: 70.22859954833984; CER: 0.46789756417274475; WER: 0.8458666801452637; val_loss: 73.26077270507812; val_CER: 0.5218021869659424; val_WER: 0.8584111332893372
2023-06-29 11:41:34,551 - root - INFO - Epoch 71; loss: 67.35574340820312; CER: 0.444962739944458; WER: 0.8293849229812622; val_loss: 65.6048583984375; val_CER: 0.4409046769142151; val_WER: 0.8165335655212402
2023-06-29 11:42:56,202 - root - INFO - Epoch 72; loss: 64.38456726074219; CER: 0.4264097511768341; WER: 0.8124857544898987; val_loss: 65.8803939819336; val_CER: 0.44123321771621704; val_WER: 0.8244024515151978
2023-06-29 11:44:18,371 - root - INFO - Epoch 73; loss: 61.92130661010742; CER: 0.4087974727153778; WER: 0.8024134635925293; val_loss: 66.21842193603516; val_CER: 0.44746991991996765; val_WER: 0.8251324892044067
2023-06-29 11:45:40,934 - root - INFO - Epoch 74; loss: 59.632545471191406; CER: 0.3910687267780304; WER: 0.7844641804695129; val_loss: 60.84623336791992; val_CER: 0.39577561616897583; val_WER: 0.784609854221344
2023-06-29 11:47:02,909 - root - INFO - Epoch 75; loss: 57.12328338623047; CER: 0.3779183328151703; WER: 0.7741075754165649; val_loss: 54.24818420410156; val_CER: 0.35101020336151123; val_WER: 0.7457573413848877
2023-06-29 11:48:23,726 - root - INFO - Epoch 76; loss: 55.06081008911133; CER: 0.3640957772731781; WER: 0.7608129382133484; val_loss: 52.26869201660156; val_CER: 0.33237752318382263; val_WER: 0.7314139008522034
2023-06-29 11:49:44,740 - root - INFO - Epoch 77; loss: 53.176719665527344; CER: 0.3526201546192169; WER: 0.7457448840141296; val_loss: 51.690555572509766; val_CER: 0.3284336030483246; val_WER: 0.7258206009864807
2023-06-29 11:51:05,845 - root - INFO - Epoch 78; loss: 51.46406173706055; CER: 0.34216049313545227; WER: 0.7348206639289856; val_loss: 46.50706481933594; val_CER: 0.286611407995224; val_WER: 0.6797581911087036
2023-06-29 11:52:26,768 - root - INFO - Epoch 79; loss: 49.46348190307617; CER: 0.32539528608322144; WER: 0.7167234420776367; val_loss: 43.21101760864258; val_CER: 0.2667175829410553; val_WER: 0.6582614779472351
2023-06-29 11:53:47,568 - root - INFO - Epoch 80; loss: 48.20365905761719; CER: 0.3197280466556549; WER: 0.7085890173912048; val_loss: 46.32415771484375; val_CER: 0.28849995136260986; val_WER: 0.6745384335517883
2023-06-29 11:55:08,741 - root - INFO - Epoch 81; loss: 46.621734619140625; CER: 0.3077071011066437; WER: 0.6954852938652039; val_loss: 40.8940544128418; val_CER: 0.2526037395000458; val_WER: 0.6389687061309814
2023-06-29 11:56:29,502 - root - INFO - Epoch 82; loss: 45.36394119262695; CER: 0.2997100353240967; WER: 0.6861398220062256; val_loss: 41.550865173339844; val_CER: 0.25498291850090027; val_WER: 0.6400978565216064
2023-06-29 11:57:51,456 - root - INFO - Epoch 83; loss: 43.97367858886719; CER: 0.2919160723686218; WER: 0.673775851726532; val_loss: 40.949867248535156; val_CER: 0.2531699538230896; val_WER: 0.6320253610610962
2023-06-29 11:59:12,533 - root - INFO - Epoch 84; loss: 42.86589050292969; CER: 0.2831500768661499; WER: 0.6641432046890259; val_loss: 40.219017028808594; val_CER: 0.2509380877017975; val_WER: 0.6372125148773193
2023-06-29 12:00:33,497 - root - INFO - Epoch 85; loss: 41.39286804199219; CER: 0.27681782841682434; WER: 0.6535632610321045; val_loss: 36.83039093017578; val_CER: 0.22443990409374237; val_WER: 0.5923175811767578
2023-06-29 12:01:55,891 - root - INFO - Epoch 86; loss: 40.471282958984375; CER: 0.26647600531578064; WER: 0.6391475796699524; val_loss: 36.38370132446289; val_CER: 0.21984955668449402; val_WER: 0.5918965935707092
2023-06-29 12:03:17,029 - root - INFO - Epoch 87; loss: 39.71841049194336; CER: 0.2636139690876007; WER: 0.6366060972213745; val_loss: 35.518775939941406; val_CER: 0.21320705115795135; val_WER: 0.5833865404129028
2023-06-29 12:04:37,575 - root - INFO - Epoch 88; loss: 38.56627655029297; CER: 0.25368186831474304; WER: 0.6203976273536682; val_loss: 35.890708923339844; val_CER: 0.21721266210079193; val_WER: 0.582098126411438
2023-06-29 12:05:58,080 - root - INFO - Epoch 89; loss: 37.595272064208984; CER: 0.2474689930677414; WER: 0.6154897212982178; val_loss: 34.415531158447266; val_CER: 0.20698072016239166; val_WER: 0.5574700236320496
2023-06-29 12:07:19,064 - root - INFO - Epoch 90; loss: 36.715030670166016; CER: 0.24157297611236572; WER: 0.6062907576560974; val_loss: 33.53499984741211; val_CER: 0.20142851769924164; val_WER: 0.551384449005127
2023-06-29 12:08:40,382 - root - INFO - Epoch 91; loss: 35.99972915649414; CER: 0.23839914798736572; WER: 0.5983908176422119; val_loss: 32.49726486206055; val_CER: 0.19679638743400574; val_WER: 0.5479877591133118
2023-06-29 12:10:01,072 - root - INFO - Epoch 92; loss: 34.82728958129883; CER: 0.22842732071876526; WER: 0.58289635181427; val_loss: 34.00047302246094; val_CER: 0.2080429494380951; val_WER: 0.5682463049888611
2023-06-29 12:11:21,914 - root - INFO - Epoch 93; loss: 34.21826934814453; CER: 0.22393541038036346; WER: 0.5773665308952332; val_loss: 31.616432189941406; val_CER: 0.18711960315704346; val_WER: 0.522055983543396
2023-06-29 12:12:42,237 - root - INFO - Epoch 94; loss: 33.54167175292969; CER: 0.21874722838401794; WER: 0.5710098147392273; val_loss: 32.56106948852539; val_CER: 0.1977841705083847; val_WER: 0.5388782620429993
2023-06-29 12:14:03,091 - root - INFO - Epoch 95; loss: 32.819793701171875; CER: 0.21412982046604156; WER: 0.5655092597007751; val_loss: 31.933887481689453; val_CER: 0.1890721172094345; val_WER: 0.5281264781951904
2023-06-29 12:15:23,869 - root - INFO - Epoch 96; loss: 31.979022979736328; CER: 0.207479327917099; WER: 0.5577828884124756; val_loss: 32.1953239440918; val_CER: 0.1939498633146286; val_WER: 0.5374151468276978
2023-06-29 12:16:45,382 - root - INFO - Epoch 97; loss: 31.664228439331055; CER: 0.2034526765346527; WER: 0.5526663064956665; val_loss: 29.048494338989258; val_CER: 0.17290635406970978; val_WER: 0.5004199147224426
2023-06-29 12:18:06,401 - root - INFO - Epoch 98; loss: 31.00269317626953; CER: 0.20162566006183624; WER: 0.5494617223739624; val_loss: 29.344114303588867; val_CER: 0.17728829383850098; val_WER: 0.5038170218467712
2023-06-29 12:19:27,090 - root - INFO - Epoch 99; loss: 30.157676696777344; CER: 0.19427232444286346; WER: 0.542664647102356; val_loss: 29.664566040039062; val_CER: 0.1738789975643158; val_WER: 0.5076097846031189
2023-06-29 12:20:47,795 - root - INFO - Epoch 100; loss: 29.531787872314453; CER: 0.1906777322292328; WER: 0.5327910780906677; val_loss: 29.51929473876953; val_CER: 0.17937321960926056; val_WER: 0.5117789506912231
2023-06-29 12:22:08,479 - root - INFO - Epoch 101; loss: 29.14336585998535; CER: 0.18491163849830627; WER: 0.5292424559593201; val_loss: 30.106521606445312; val_CER: 0.17430682480335236; val_WER: 0.5076285600662231
2023-06-29 12:23:29,279 - root - INFO - Epoch 102; loss: 28.72112274169922; CER: 0.18305830657482147; WER: 0.5177783370018005; val_loss: 28.90665626525879; val_CER: 0.17394214868545532; val_WER: 0.4985024929046631
2023-06-29 12:24:50,268 - root - INFO - Epoch 103; loss: 27.83493995666504; CER: 0.17753966152668; WER: 0.5199221968650818; val_loss: 27.876375198364258; val_CER: 0.16496112942695618; val_WER: 0.49298784136772156
2023-06-29 12:26:12,041 - root - INFO - Epoch 104; loss: 27.35565185546875; CER: 0.17931108176708221; WER: 0.5086467266082764; val_loss: 28.08755874633789; val_CER: 0.1651160567998886; val_WER: 0.4873274862766266
2023-06-29 12:27:32,971 - root - INFO - Epoch 105; loss: 27.070987701416016; CER: 0.1691194325685501; WER: 0.5002937316894531; val_loss: 26.38576889038086; val_CER: 0.15362779796123505; val_WER: 0.46593940258026123
2023-06-29 12:28:53,577 - root - INFO - Epoch 106; loss: 26.65103530883789; CER: 0.16813924908638; WER: 0.497561514377594; val_loss: 26.79473876953125; val_CER: 0.15826044976711273; val_WER: 0.46832406520843506
2023-06-29 12:30:14,225 - root - INFO - Epoch 107; loss: 25.785743713378906; CER: 0.16169951856136322; WER: 0.48578396439552307; val_loss: 26.463851928710938; val_CER: 0.15670910477638245; val_WER: 0.47413238883018494
2023-06-29 12:31:34,914 - root - INFO - Epoch 108; loss: 25.396469116210938; CER: 0.1601356416940689; WER: 0.48660802841186523; val_loss: 26.389022827148438; val_CER: 0.15693612396717072; val_WER: 0.45879533886909485
2023-06-29 12:32:55,445 - root - INFO - Epoch 109; loss: 24.884538650512695; CER: 0.15508857369422913; WER: 0.47487422823905945; val_loss: 27.399158477783203; val_CER: 0.157011479139328; val_WER: 0.47339800000190735
2023-06-29 12:34:17,615 - root - INFO - Epoch 110; loss: 24.677764892578125; CER: 0.15431593358516693; WER: 0.4749297499656677; val_loss: 26.362709045410156; val_CER: 0.15547487139701843; val_WER: 0.47458910942077637
2023-06-29 12:35:38,628 - root - INFO - Epoch 111; loss: 24.234525680541992; CER: 0.15287654101848602; WER: 0.4721866846084595; val_loss: 26.408565521240234; val_CER: 0.15362177789211273; val_WER: 0.4666762948036194
2023-06-29 12:36:59,260 - root - INFO - Epoch 112; loss: 23.626588821411133; CER: 0.1478731632232666; WER: 0.4649043083190918; val_loss: 24.907310485839844; val_CER: 0.14845547080039978; val_WER: 0.4513736963272095
2023-06-29 12:38:19,792 - root - INFO - Epoch 113; loss: 23.340354919433594; CER: 0.14757536351680756; WER: 0.45972633361816406; val_loss: 25.334197998046875; val_CER: 0.1498240977525711; val_WER: 0.4570606052875519
2023-06-29 12:39:41,097 - root - INFO - Epoch 114; loss: 23.045480728149414; CER: 0.14480209350585938; WER: 0.45235851407051086; val_loss: 25.797117233276367; val_CER: 0.15019430220127106; val_WER: 0.44860467314720154
2023-06-29 12:41:03,500 - root - INFO - Epoch 115; loss: 22.687650680541992; CER: 0.14270581305027008; WER: 0.4515252411365509; val_loss: 25.343137741088867; val_CER: 0.14749732613563538; val_WER: 0.4512021541595459
2023-06-29 12:43:25,442 - root - INFO - Epoch 116; loss: 22.39845848083496; CER: 0.14145588874816895; WER: 0.4453311264514923; val_loss: 24.827682495117188; val_CER: 0.14876723289489746; val_WER: 0.4516105651855469
2023-06-29 12:44:47,460 - root - INFO - Epoch 117; loss: 22.21481704711914; CER: 0.14008435606956482; WER: 0.4431602954864502; val_loss: 24.119382858276367; val_CER: 0.13737541437149048; val_WER: 0.4314030408859253
2023-06-29 12:46:08,946 - root - INFO - Epoch 118; loss: 21.990400314331055; CER: 0.13887247443199158; WER: 0.4386042058467865; val_loss: 23.977136611938477; val_CER: 0.1399722546339035; val_WER: 0.4305358827114105
2023-06-29 12:47:30,645 - root - INFO - Epoch 119; loss: 21.45108985900879; CER: 0.1355465054512024; WER: 0.43477654457092285; val_loss: 24.087480545043945; val_CER: 0.13743382692337036; val_WER: 0.42499908804893494
2023-06-29 12:48:52,556 - root - INFO - Epoch 120; loss: 21.0820369720459; CER: 0.13380244374275208; WER: 0.42734208703041077; val_loss: 23.412376403808594; val_CER: 0.13608938455581665; val_WER: 0.4265191853046417
2023-06-29 12:50:14,130 - root - INFO - Epoch 121; loss: 20.773052215576172; CER: 0.13053464889526367; WER: 0.4262065887451172; val_loss: 23.804113388061523; val_CER: 0.13936209678649902; val_WER: 0.43789142370224
2023-06-29 12:51:35,706 - root - INFO - Epoch 122; loss: 21.11655044555664; CER: 0.1336032897233963; WER: 0.4287501275539398; val_loss: 24.843685150146484; val_CER: 0.14356409013271332; val_WER: 0.4405192732810974
2023-06-29 12:52:57,624 - root - INFO - Epoch 123; loss: 20.156822204589844; CER: 0.1273154318332672; WER: 0.41912633180618286; val_loss: 23.241111755371094; val_CER: 0.13711796700954437; val_WER: 0.4283011555671692
2023-06-29 12:54:19,366 - root - INFO - Epoch 124; loss: 19.88791847229004; CER: 0.12600760161876678; WER: 0.410914808511734; val_loss: 23.850635528564453; val_CER: 0.13910435140132904; val_WER: 0.43275564908981323
2023-06-29 12:55:41,077 - root - INFO - Epoch 125; loss: 19.898210525512695; CER: 0.12574385106563568; WER: 0.4149279296398163; val_loss: 23.35529327392578; val_CER: 0.13370922207832336; val_WER: 0.4249092936515808
2023-06-29 12:57:02,544 - root - INFO - Epoch 126; loss: 19.63872718811035; CER: 0.12458272278308868; WER: 0.40795373916625977; val_loss: 22.808958053588867; val_CER: 0.13379059731960297; val_WER: 0.41936299204826355
2023-06-29 12:58:25,247 - root - INFO - Epoch 127; loss: 19.3461856842041; CER: 0.1218208447098732; WER: 0.40556800365448; val_loss: 23.299062728881836; val_CER: 0.1329123079776764; val_WER: 0.41882652044296265
2023-06-29 12:59:46,805 - root - INFO - Epoch 128; loss: 18.876571655273438; CER: 0.12057862430810928; WER: 0.40209880471229553; val_loss: 24.143802642822266; val_CER: 0.13890068233013153; val_WER: 0.42652687430381775
2023-06-29 13:01:08,284 - root - INFO - Epoch 129; loss: 19.26120376586914; CER: 0.1356237232685089; WER: 0.40528157353401184; val_loss: 22.806900024414062; val_CER: 0.1341128647327423; val_WER: 0.4218769967556
2023-06-29 13:02:30,236 - root - INFO - Epoch 130; loss: 18.827299118041992; CER: 0.12056595832109451; WER: 0.40129947662353516; val_loss: 22.36442756652832; val_CER: 0.1283511221408844; val_WER: 0.40500712394714355
2023-06-29 13:03:51,798 - root - INFO - Epoch 131; loss: 18.34686851501465; CER: 0.11695631593465805; WER: 0.39097270369529724; val_loss: 23.16151237487793; val_CER: 0.13118109107017517; val_WER: 0.4165821671485901
2023-06-29 13:05:13,322 - root - INFO - Epoch 132; loss: 17.943336486816406; CER: 0.11286763101816177; WER: 0.38728272914886475; val_loss: 23.328187942504883; val_CER: 0.13151557743549347; val_WER: 0.41068893671035767
2023-06-29 13:06:35,015 - root - INFO - Epoch 133; loss: 17.916370391845703; CER: 0.11425027251243591; WER: 0.3864685297012329; val_loss: 22.960800170898438; val_CER: 0.1293174773454666; val_WER: 0.40843093395233154
2023-06-29 13:07:56,939 - root - INFO - Epoch 134; loss: 17.84333038330078; CER: 0.11255645751953125; WER: 0.3820667564868927; val_loss: 21.709430694580078; val_CER: 0.12466218322515488; val_WER: 0.39536595344543457
2023-06-29 13:09:18,237 - root - INFO - Epoch 135; loss: 17.228450775146484; CER: 0.10816619545221329; WER: 0.3761524260044098; val_loss: 23.752338409423828; val_CER: 0.13480104506015778; val_WER: 0.4191600978374481
2023-06-29 13:10:39,526 - root - INFO - Epoch 136; loss: 17.009370803833008; CER: 0.10874301195144653; WER: 0.3760106861591339; val_loss: 24.184635162353516; val_CER: 0.1367036998271942; val_WER: 0.4272416830062866
2023-06-29 13:12:01,090 - root - INFO - Epoch 137; loss: 16.843040466308594; CER: 0.10573706030845642; WER: 0.36272647976875305; val_loss: 23.105060577392578; val_CER: 0.1307259500026703; val_WER: 0.41221845149993896
2023-06-29 13:13:22,611 - root - INFO - Epoch 138; loss: 16.42033576965332; CER: 0.1039261594414711; WER: 0.36144036054611206; val_loss: 22.277667999267578; val_CER: 0.12723566591739655; val_WER: 0.40064239501953125
2023-06-29 13:14:43,864 - root - INFO - Epoch 139; loss: 16.399627685546875; CER: 0.10439769923686981; WER: 0.3649566173553467; val_loss: 22.069110870361328; val_CER: 0.12600457668304443; val_WER: 0.3973532021045685
2023-06-29 13:16:05,375 - root - INFO - Epoch 140; loss: 16.097763061523438; CER: 0.10277583450078964; WER: 0.35695701837539673; val_loss: 21.78163719177246; val_CER: 0.1255030632019043; val_WER: 0.3944120407104492
2023-06-29 13:17:27,156 - root - INFO - Epoch 141; loss: 15.929096221923828; CER: 0.10172659903764725; WER: 0.35373619198799133; val_loss: 22.062726974487305; val_CER: 0.12523382902145386; val_WER: 0.39222386479377747
2023-06-29 13:18:48,344 - root - INFO - Epoch 142; loss: 17.793987274169922; CER: 0.12344608455896378; WER: 0.38856321573257446; val_loss: 24.350265502929688; val_CER: 0.13589271903038025; val_WER: 0.41718193888664246
2023-06-29 13:20:09,406 - root - INFO - Epoch 143; loss: 16.42662811279297; CER: 0.11092939972877502; WER: 0.37095004320144653; val_loss: 22.54294776916504; val_CER: 0.12710687518119812; val_WER: 0.3943222761154175
2023-06-29 13:21:31,273 - root - INFO - Epoch 144; loss: 15.450827598571777; CER: 0.09895426779985428; WER: 0.34650588035583496; val_loss: 21.9400577545166; val_CER: 0.12338540703058243; val_WER: 0.3882887363433838
2023-06-29 13:22:53,030 - root - INFO - Epoch 145; loss: 15.477953910827637; CER: 0.09908021986484528; WER: 0.3476107716560364; val_loss: 21.4056396484375; val_CER: 0.12158854305744171; val_WER: 0.3784191906452179
2023-06-29 13:24:14,458 - root - INFO - Epoch 146; loss: 14.98485279083252; CER: 0.09330956637859344; WER: 0.3355506956577301; val_loss: 22.186567306518555; val_CER: 0.12438976764678955; val_WER: 0.3933994472026825
2023-06-29 13:25:36,321 - root - INFO - Epoch 147; loss: 14.955344200134277; CER: 0.09515485167503357; WER: 0.341251403093338; val_loss: 22.033611297607422; val_CER: 0.12252446264028549; val_WER: 0.3745726943016052
2023-06-29 13:26:58,225 - root - INFO - Epoch 148; loss: 14.622424125671387; CER: 0.09324178099632263; WER: 0.33353671431541443; val_loss: 22.287086486816406; val_CER: 0.12470271438360214; val_WER: 0.390131413936615
2023-06-29 13:28:20,026 - root - INFO - Epoch 149; loss: 14.697372436523438; CER: 0.0937751829624176; WER: 0.3359975516796112; val_loss: 21.29127311706543; val_CER: 0.12006282806396484; val_WER: 0.3758178949356079
2023-06-29 13:29:41,588 - root - INFO - Epoch 150; loss: 14.360721588134766; CER: 0.09168706834316254; WER: 0.3303532302379608; val_loss: 22.067569732666016; val_CER: 0.12445124238729477; val_WER: 0.3899967074394226
2023-06-29 13:31:03,693 - root - INFO - Epoch 151; loss: 14.184417724609375; CER: 0.09030955284833908; WER: 0.3262667655944824; val_loss: 21.380216598510742; val_CER: 0.11926557868719101; val_WER: 0.3812696039676666
2023-06-29 13:33:26,261 - root - INFO - Epoch 152; loss: 14.19444751739502; CER: 0.09125686436891556; WER: 0.3287433981895447; val_loss: 21.433439254760742; val_CER: 0.11832770705223083; val_WER: 0.3727453052997589
2023-06-29 13:35:47,695 - root - INFO - Epoch 153; loss: 13.83426570892334; CER: 0.08823399245738983; WER: 0.31848958134651184; val_loss: 21.483800888061523; val_CER: 0.12094084173440933; val_WER: 0.3770487606525421
2023-06-29 13:38:09,555 - root - INFO - Epoch 154; loss: 13.836865425109863; CER: 0.08920589089393616; WER: 0.3227837085723877; val_loss: 21.847177505493164; val_CER: 0.12002435326576233; val_WER: 0.38026508688926697
2023-06-29 13:39:31,408 - root - INFO - Epoch 155; loss: 13.60479736328125; CER: 0.08724003285169601; WER: 0.31590157747268677; val_loss: 20.737354278564453; val_CER: 0.11638213694095612; val_WER: 0.37377241253852844
2023-06-29 13:40:52,897 - root - INFO - Epoch 156; loss: 13.477729797363281; CER: 0.0868915393948555; WER: 0.31635230779647827; val_loss: 20.843303680419922; val_CER: 0.1167093813419342; val_WER: 0.3647879958152771
2023-06-29 13:42:14,654 - root - INFO - Epoch 157; loss: 13.348095893859863; CER: 0.08584334701299667; WER: 0.3129355311393738; val_loss: 21.080827713012695; val_CER: 0.1187763437628746; val_WER: 0.3738761842250824
2023-06-29 13:43:36,216 - root - INFO - Epoch 158; loss: 13.15631103515625; CER: 0.08461026847362518; WER: 0.3105890154838562; val_loss: 20.738290786743164; val_CER: 0.1165226548910141; val_WER: 0.3633047342300415
2023-06-29 13:44:57,636 - root - INFO - Epoch 159; loss: 12.892273902893066; CER: 0.08392276614904404; WER: 0.3072192668914795; val_loss: 21.567825317382812; val_CER: 0.12004465609788895; val_WER: 0.3700268864631653
2023-06-29 13:46:19,569 - root - INFO - Epoch 160; loss: 12.882515907287598; CER: 0.08241469413042068; WER: 0.3073574900627136; val_loss: 20.826431274414062; val_CER: 0.11510870605707169; val_WER: 0.35995355248451233
2023-06-29 13:48:41,636 - root - INFO - Epoch 161; loss: 12.727104187011719; CER: 0.0822337344288826; WER: 0.3022501766681671; val_loss: 20.822368621826172; val_CER: 0.11775802075862885; val_WER: 0.36696723103523254
2023-06-29 13:50:03,111 - root - INFO - Epoch 162; loss: 12.55030632019043; CER: 0.0813627541065216; WER: 0.30223608016967773; val_loss: 20.756988525390625; val_CER: 0.11591477692127228; val_WER: 0.3669155538082123
2023-06-29 13:51:24,829 - root - INFO - Epoch 163; loss: 12.39847469329834; CER: 0.07989383488893509; WER: 0.2997734546661377; val_loss: 21.755212783813477; val_CER: 0.12082746624946594; val_WER: 0.3734232783317566
2023-06-29 13:52:48,255 - root - INFO - Epoch 164; loss: 12.403310775756836; CER: 0.08055030554533005; WER: 0.3027116060256958; val_loss: 21.304304122924805; val_CER: 0.1202845498919487; val_WER: 0.37429067492485046
2023-06-29 13:54:09,774 - root - INFO - Epoch 165; loss: 12.181633949279785; CER: 0.07847070693969727; WER: 0.295456200838089; val_loss: 21.44007682800293; val_CER: 0.11738499253988266; val_WER: 0.3722586929798126
2023-06-29 13:55:31,291 - root - INFO - Epoch 166; loss: 11.987298965454102; CER: 0.0768195390701294; WER: 0.2873714864253998; val_loss: 21.57882308959961; val_CER: 0.11792594194412231; val_WER: 0.3749515414237976
2023-06-29 13:56:52,485 - root - INFO - Epoch 167; loss: 11.771817207336426; CER: 0.0768122673034668; WER: 0.2881428897380829; val_loss: 21.217533111572266; val_CER: 0.11666826903820038; val_WER: 0.3659793436527252
2023-06-29 13:58:14,758 - root - INFO - Epoch 168; loss: 11.573681831359863; CER: 0.07621172070503235; WER: 0.28911468386650085; val_loss: 20.91863250732422; val_CER: 0.11474355310201645; val_WER: 0.3569830656051636
2023-06-29 13:59:35,991 - root - INFO - Epoch 169; loss: 11.53515911102295; CER: 0.07422652095556259; WER: 0.2823275029659271; val_loss: 21.567337036132812; val_CER: 0.11785091459751129; val_WER: 0.3736361563205719
2023-06-29 14:00:57,272 - root - INFO - Epoch 170; loss: 11.38929557800293; CER: 0.0739150121808052; WER: 0.2840922474861145; val_loss: 21.041851043701172; val_CER: 0.11521490663290024; val_WER: 0.3708195686340332
2023-06-29 14:02:19,078 - root - INFO - Epoch 171; loss: 11.238227844238281; CER: 0.07221895456314087; WER: 0.27540457248687744; val_loss: 20.644405364990234; val_CER: 0.11453098803758621; val_WER: 0.36624279618263245
2023-06-29 14:03:40,421 - root - INFO - Epoch 172; loss: 11.281031608581543; CER: 0.07407186180353165; WER: 0.2842424809932709; val_loss: 21.006288528442383; val_CER: 0.11534321308135986; val_WER: 0.36642688512802124
2023-06-29 14:05:01,580 - root - INFO - Epoch 173; loss: 10.968245506286621; CER: 0.07156328856945038; WER: 0.2711317837238312; val_loss: 20.127275466918945; val_CER: 0.11469601094722748; val_WER: 0.35763636231422424
2023-06-29 14:06:22,792 - root - INFO - Epoch 174; loss: 11.004226684570312; CER: 0.07174903154373169; WER: 0.274180144071579; val_loss: 20.17810821533203; val_CER: 0.11612093448638916; val_WER: 0.36231690645217896
2023-06-29 14:07:45,158 - root - INFO - Epoch 175; loss: 10.733945846557617; CER: 0.06855344772338867; WER: 0.26556918025016785; val_loss: 20.08271026611328; val_CER: 0.11198770254850388; val_WER: 0.35845962166786194
2023-06-29 14:09:06,356 - root - INFO - Epoch 176; loss: 10.644580841064453; CER: 0.06957888603210449; WER: 0.2681291997432709; val_loss: 20.838001251220703; val_CER: 0.11247440427541733; val_WER: 0.3601851165294647
2023-06-29 14:10:28,000 - root - INFO - Epoch 177; loss: 10.838193893432617; CER: 0.07020897418260574; WER: 0.2670632004737854; val_loss: 20.467851638793945; val_CER: 0.11193661391735077; val_WER: 0.3551810383796692
2023-06-29 14:11:49,369 - root - INFO - Epoch 178; loss: 10.485015869140625; CER: 0.06788744032382965; WER: 0.26416662335395813; val_loss: 21.255373001098633; val_CER: 0.1148926168680191; val_WER: 0.36462152004241943
2023-06-29 14:13:10,911 - root - INFO - Epoch 179; loss: 10.678966522216797; CER: 0.07105682790279388; WER: 0.27038365602493286; val_loss: 20.368444442749023; val_CER: 0.11166490614414215; val_WER: 0.3526916801929474
2023-06-29 14:13:13,255 - tf2onnx.tfonnx - INFO - Using tensorflow=2.12.0, onnx=1.14.0, tf2onnx=1.14.0/8f8d49
2023-06-29 14:13:13,255 - tf2onnx.tfonnx - INFO - Using opset <onnx, 15>
2023-06-29 14:13:13,408 - tf2onnx.tf_utils - INFO - Computed 0 values for constant folding
2023-06-29 14:13:13,414 - tf2onnx.tf_utils - INFO - Computed 0 values for constant folding
2023-06-29 14:13:13,420 - tf2onnx.tf_utils - INFO - Computed 0 values for constant folding
2023-06-29 14:13:13,425 - tf2onnx.tf_utils - INFO - Computed 0 values for constant folding
2023-06-29 14:13:13,427 - tf2onnx.tf_utils - INFO - Computed 0 values for constant folding
2023-06-29 14:13:13,429 - tf2onnx.tf_utils - INFO - Computed 0 values for constant folding
2023-06-29 14:13:13,431 - tf2onnx.tf_utils - INFO - Computed 0 values for constant folding
2023-06-29 14:13:13,436 - tf2onnx.tf_utils - INFO - Computed 0 values for constant folding
2023-06-29 14:13:13,500 - tf2onnx.tf_utils - INFO - Computed 2 values for constant folding
2023-06-29 14:13:13,613 - tf2onnx.tfonnx - INFO - folding node using tf type=StridedSlice, name=model/bidirectional/forward_lstm/PartitionedCall/strided_slice
2023-06-29 14:13:13,613 - tf2onnx.tfonnx - INFO - folding node using tf type=StridedSlice, name=model/bidirectional/backward_lstm/PartitionedCall/strided_slice
2023-06-29 14:13:13,838 - tf2onnx.optimizer - INFO - Optimizing ONNX model
2023-06-29 14:13:14,370 - tf2onnx.optimizer - INFO - After optimization: BatchNormalization -18 (18->0), Cast -8 (17->9), Concat -8 (17->9), Const -173 (243->70), Expand -6 (8->2), Gather +3 (2->5), Identity -2 (2->0), Shape -2 (6->4), Slice -2 (9->7), Squeeze -5 (9->4), Transpose -86 (90->4), Unsqueeze -25 (29->4)
